  Levels.cpp
c:\users\kubar\desktop\projekt\projekt\gra\gra\suremenu.h(9): warning C4005: "Options": ponowna definicja makra
  c:\users\kubar\desktop\projekt\projekt\gra\gra\menu.h(6): note: zobacz poprzednią definicję „Options”
c:\users\kubar\desktop\projekt\projekt\gra\gra\levels.cpp(225): warning C4244: "argument": konwersja z "T" do "int", możliwa utrata danych
          with
          [
              T=float
          ]
c:\users\kubar\desktop\projekt\projekt\gra\gra\levels.cpp(244): warning C4244: "argument": konwersja z "T" do "int", możliwa utrata danych
          with
          [
              T=float
          ]
c:\users\kubar\desktop\projekt\projekt\gra\gra\levels.cpp(640): warning C4244: "argument": konwersja z "T" do "int", możliwa utrata danych
          with
          [
              T=float
          ]
c:\users\kubar\desktop\projekt\projekt\gra\gra\levels.cpp(659): warning C4244: "argument": konwersja z "T" do "int", możliwa utrata danych
          with
          [
              T=float
          ]
c:\users\kubar\desktop\projekt\projekt\gra\gra\levels.cpp(1031): warning C4244: "argument": konwersja z "T" do "int", możliwa utrata danych
          with
          [
              T=float
          ]
c:\users\kubar\desktop\projekt\projekt\gra\gra\levels.cpp(1050): warning C4244: "argument": konwersja z "T" do "int", możliwa utrata danych
          with
          [
              T=float
          ]
  Gra.vcxproj -> C:\Users\KubaR\Desktop\Projekt\Projekt\Gra\Debug\Gra.exe
